2024-03-19 00:01:11,709:INFO:PyCaret AnomalyExperiment
2024-03-19 00:01:11,709:INFO:Logging name: anomaly-default-name
2024-03-19 00:01:11,709:INFO:ML Usecase: MLUsecase.ANOMALY
2024-03-19 00:01:11,709:INFO:version 3.3.0
2024-03-19 00:01:11,709:INFO:Initializing setup()
2024-03-19 00:01:11,709:INFO:self.USI: 1e1d
2024-03-19 00:01:11,709:INFO:self._variable_keys: {'idx', 'gpu_n_jobs_param', 'USI', 'gpu_param', 'log_plots_param', 'data', 'pipeline', '_ml_usecase', 'n_jobs_param', 'exp_name_log', 'memory', 'html_param', 'logging_param', 'X', 'exp_id', '_available_plots', 'seed'}
2024-03-19 00:01:11,709:INFO:Checking environment
2024-03-19 00:01:11,710:INFO:python_version: 3.10.4
2024-03-19 00:01:11,710:INFO:python_build: ('v3.10.4:9d38120e33', 'Mar 23 2022 17:29:05')
2024-03-19 00:01:11,710:INFO:machine: arm64
2024-03-19 00:01:11,710:INFO:platform: macOS-14.3.1-arm64-arm-64bit
2024-03-19 00:01:11,710:INFO:Memory: svmem(total=17179869184, available=5041799168, percent=70.7, used=6784450560, free=426983424, active=4627873792, inactive=4491247616, wired=2156576768)
2024-03-19 00:01:11,710:INFO:Physical Core: 8
2024-03-19 00:01:11,710:INFO:Logical Core: 8
2024-03-19 00:01:11,710:INFO:Checking libraries
2024-03-19 00:01:11,710:INFO:System:
2024-03-19 00:01:11,710:INFO:    python: 3.10.4 (v3.10.4:9d38120e33, Mar 23 2022, 17:29:05) [Clang 13.0.0 (clang-1300.0.29.30)]
2024-03-19 00:01:11,710:INFO:executable: /Library/Frameworks/Python.framework/Versions/3.10/bin/python3
2024-03-19 00:01:11,710:INFO:   machine: macOS-14.3.1-arm64-arm-64bit
2024-03-19 00:01:11,710:INFO:PyCaret required dependencies:
2024-03-19 00:01:11,710:INFO:                 pip: 24.0
2024-03-19 00:01:11,710:INFO:          setuptools: 69.2.0
2024-03-19 00:01:11,710:INFO:             pycaret: 3.3.0
2024-03-19 00:01:11,710:INFO:             IPython: 8.11.0
2024-03-19 00:01:11,710:INFO:          ipywidgets: 8.0.4
2024-03-19 00:01:11,710:INFO:                tqdm: 4.66.1
2024-03-19 00:01:11,710:INFO:               numpy: 1.26.3
2024-03-19 00:01:11,710:INFO:              pandas: 2.1.4
2024-03-19 00:01:11,710:INFO:              jinja2: 3.1.2
2024-03-19 00:01:11,710:INFO:               scipy: 1.11.4
2024-03-19 00:01:11,710:INFO:              joblib: 1.3.2
2024-03-19 00:01:11,710:INFO:             sklearn: 1.4.1.post1
2024-03-19 00:01:11,710:INFO:                pyod: 1.1.3
2024-03-19 00:01:11,710:INFO:            imblearn: 0.12.0
2024-03-19 00:01:11,710:INFO:   category_encoders: 2.6.3
2024-03-19 00:01:11,710:INFO:            lightgbm: 4.3.0
2024-03-19 00:01:11,710:INFO:               numba: 0.59.0
2024-03-19 00:01:11,710:INFO:            requests: 2.27.1
2024-03-19 00:01:11,710:INFO:          matplotlib: 3.7.2
2024-03-19 00:01:11,710:INFO:          scikitplot: 0.3.7
2024-03-19 00:01:11,710:INFO:         yellowbrick: 1.5
2024-03-19 00:01:11,710:INFO:              plotly: 5.20.0
2024-03-19 00:01:11,710:INFO:    plotly-resampler: Not installed
2024-03-19 00:01:11,710:INFO:             kaleido: 0.2.1
2024-03-19 00:01:11,710:INFO:           schemdraw: 0.15
2024-03-19 00:01:11,710:INFO:         statsmodels: 0.14.1
2024-03-19 00:01:11,710:INFO:              sktime: 0.27.0
2024-03-19 00:01:11,710:INFO:               tbats: 1.1.3
2024-03-19 00:01:11,710:INFO:            pmdarima: 2.0.4
2024-03-19 00:01:11,710:INFO:              psutil: 5.9.4
2024-03-19 00:01:11,710:INFO:          markupsafe: 2.1.2
2024-03-19 00:01:11,710:INFO:             pickle5: Not installed
2024-03-19 00:01:11,710:INFO:         cloudpickle: 3.0.0
2024-03-19 00:01:11,710:INFO:         deprecation: 2.1.0
2024-03-19 00:01:11,710:INFO:              xxhash: 3.4.1
2024-03-19 00:01:11,710:INFO:           wurlitzer: 3.0.3
2024-03-19 00:01:11,710:INFO:PyCaret optional dependencies:
2024-03-19 00:01:11,710:INFO:                shap: Not installed
2024-03-19 00:01:11,710:INFO:           interpret: Not installed
2024-03-19 00:01:11,710:INFO:                umap: Not installed
2024-03-19 00:01:11,710:INFO:     ydata_profiling: Not installed
2024-03-19 00:01:11,710:INFO:  explainerdashboard: Not installed
2024-03-19 00:01:11,710:INFO:             autoviz: Not installed
2024-03-19 00:01:11,710:INFO:           fairlearn: Not installed
2024-03-19 00:01:11,710:INFO:          deepchecks: Not installed
2024-03-19 00:01:11,710:INFO:             xgboost: Not installed
2024-03-19 00:01:11,710:INFO:            catboost: Not installed
2024-03-19 00:01:11,710:INFO:              kmodes: Not installed
2024-03-19 00:01:11,710:INFO:             mlxtend: 0.23.1
2024-03-19 00:01:11,710:INFO:       statsforecast: Not installed
2024-03-19 00:01:11,710:INFO:        tune_sklearn: Not installed
2024-03-19 00:01:11,710:INFO:                 ray: Not installed
2024-03-19 00:01:11,710:INFO:            hyperopt: Not installed
2024-03-19 00:01:11,710:INFO:              optuna: Not installed
2024-03-19 00:01:11,710:INFO:               skopt: Not installed
2024-03-19 00:01:11,710:INFO:              mlflow: Not installed
2024-03-19 00:01:11,710:INFO:              gradio: Not installed
2024-03-19 00:01:11,710:INFO:             fastapi: 0.109.2
2024-03-19 00:01:11,711:INFO:             uvicorn: 0.27.1
2024-03-19 00:01:11,711:INFO:              m2cgen: Not installed
2024-03-19 00:01:11,711:INFO:           evidently: Not installed
2024-03-19 00:01:11,711:INFO:               fugue: Not installed
2024-03-19 00:01:11,711:INFO:           streamlit: Not installed
2024-03-19 00:01:11,711:INFO:             prophet: Not installed
2024-03-19 00:01:11,711:INFO:None
2024-03-19 00:01:11,711:INFO:Set up data.
2024-03-19 00:01:11,712:INFO:Set up index.
2024-03-19 00:01:11,712:INFO:Assigning column types.
2024-03-19 00:01:11,713:INFO:Engine successfully changes for model 'kmeans' to 'sklearn'.
2024-03-19 00:01:11,713:INFO:Engine successfully changes for model 'dbscan' to 'sklearn'.
2024-03-19 00:01:11,715:INFO:Preparing preprocessing pipeline...
2024-03-19 00:01:11,715:INFO:Set up simple imputation.
2024-03-19 00:01:11,715:INFO:Set up feature normalization.
2024-03-19 00:01:11,722:INFO:Finished creating preprocessing pipeline.
2024-03-19 00:01:11,724:INFO:Pipeline: Pipeline(memory=FastMemory(location=/var/folders/6z/zxlp3m_x1vq0rt0vhl6k9wg40000gn/T/joblib),
         steps=[('numerical_imputer',
                 TransformerWrapper(include=['total_interactions',
                                             'rating_range',
                                             'extreme_ratings_ratio',
                                             'proportion_of_5_stars',
                                             'proportion_of_1_star',
                                             'mode_ratio'],
                                    transformer=SimpleImputer())),
                ('categorical_imputer',
                 TransformerWrapper(include=[],
                                    transformer=SimpleImputer(strategy='most_frequent'))),
                ('normalize',
                 TransformerWrapper(transformer=StandardScaler()))])
2024-03-19 00:01:11,724:INFO:Creating final display dataframe.
2024-03-19 00:01:11,732:INFO:Setup _display_container:                Description                 Value
0               Session id                    42
1      Original data shape             (1760, 6)
2   Transformed data shape             (1760, 6)
3         Numeric features                     6
4               Preprocess                  True
5          Imputation type                simple
6       Numeric imputation                  mean
7   Categorical imputation                  mode
8                Normalize                  True
9         Normalize method                zscore
10                CPU Jobs                    -1
11                 Use GPU                 False
12          Log Experiment                 False
13         Experiment Name  anomaly-default-name
14                     USI                  1e1d
2024-03-19 00:01:11,735:INFO:setup() successfully completed in 0.03s...............
2024-03-19 00:01:11,736:INFO:Initializing create_model()
2024-03-19 00:01:11,736:INFO:create_model(self=<pycaret.anomaly.oop.AnomalyExperiment object at 0x2832b2140>, estimator=lof, num_clusters=4, fraction=0.1, ground_truth=None, round=4, fit_kwargs=None, experiment_custom_tags=None, verbose=True, system=True, add_to_model_list=True, raise_num_clusters=False, display=None, kwargs={})
2024-03-19 00:01:11,736:INFO:Checking exceptions
2024-03-19 00:01:11,752:INFO:Importing untrained model
2024-03-19 00:01:11,754:INFO:Local Outlier Factor Imported successfully
2024-03-19 00:01:11,756:INFO:Fitting Model
2024-03-19 00:01:11,780:INFO:LOF(algorithm='auto', contamination=0.1, leaf_size=30, metric='minkowski',
  metric_params=None, n_jobs=-1, n_neighbors=20, novelty=True, p=2)
2024-03-19 00:01:11,780:INFO:create_models() successfully completed......................................
2024-03-19 00:01:11,785:INFO:Uploading results into container
2024-03-19 00:01:11,785:INFO:Uploading model into container now
2024-03-19 00:01:11,789:INFO:_master_model_container: 1
2024-03-19 00:01:11,789:INFO:_display_container: 1
2024-03-19 00:01:11,790:INFO:LOF(algorithm='auto', contamination=0.1, leaf_size=30, metric='minkowski',
  metric_params=None, n_jobs=-1, n_neighbors=20, novelty=True, p=2)
2024-03-19 00:01:11,790:INFO:create_model() successfully completed......................................
2024-03-19 00:01:11,916:INFO:Initializing assign_model()
2024-03-19 00:01:11,916:INFO:assign_model(self=<pycaret.anomaly.oop.AnomalyExperiment object at 0x2832b2140>, model=LOF(algorithm='auto', contamination=0.1, leaf_size=30, metric='minkowski',
  metric_params=None, n_jobs=-1, n_neighbors=20, novelty=True, p=2), transformation=False, score=True, verbose=True)
2024-03-19 00:01:11,916:INFO:Checking exceptions
2024-03-19 00:01:11,916:INFO:Determining Trained Model
2024-03-19 00:01:11,916:INFO:Trained Model : Local Outlier Factor
2024-03-19 00:01:11,916:INFO:Copying data
2024-03-19 00:01:11,917:INFO:(1760, 8)
2024-03-19 00:01:11,917:INFO:assign_model() successfully completed......................................
